[0m11:17:28.174947 [debug] [MainThread]: Sending event: {'category': 'dbt', 'action': 'invocation', 'label': 'start', 'context': [<snowplow_tracker.self_describing_json.SelfDescribingJson object at 0x0000026EF3EA2310>, <snowplow_tracker.self_describing_json.SelfDescribingJson object at 0x0000026EF5A63E90>, <snowplow_tracker.self_describing_json.SelfDescribingJson object at 0x0000026EF5A6CD90>]}


============================== 11:17:28.174947 | 00637642-e7e8-44cf-a59e-c918e569a850 ==============================
[0m11:17:28.174947 [info ] [MainThread]: Running with dbt=1.7.4
[0m11:17:28.174947 [debug] [MainThread]: running dbt with arguments {'printer_width': '80', 'indirect_selection': 'eager', 'write_json': 'True', 'log_cache_events': 'False', 'partial_parse': 'True', 'cache_selected_only': 'False', 'warn_error': 'None', 'debug': 'False', 'fail_fast': 'False', 'log_path': 'logs', 'profiles_dir': 'C:\\Users\\Administrator\\.dbt', 'version_check': 'True', 'use_colors': 'True', 'use_experimental_parser': 'False', 'no_print': 'None', 'quiet': 'False', 'warn_error_options': 'WarnErrorOptions(include=[], exclude=[])', 'static_parser': 'True', 'introspect': 'True', 'invocation_command': 'dbt init', 'target_path': 'None', 'log_format': 'default', 'send_anonymous_usage_stats': 'True'}
[0m11:18:10.153303 [debug] [MainThread]: Starter project path: C:\Users\Administrator\AppData\Local\Programs\Python\Python311\Lib\site-packages\dbt\include\starter_project
[0m11:18:10.239368 [info ] [MainThread]: 
Your new dbt project "Greenery" was created!

For more information on how to configure the profiles.yml file,
please consult the dbt documentation here:

  https://docs.getdbt.com/docs/configure-your-profile

One more thing:

Need help? Don't hesitate to reach out to us via GitHub issues or on Slack:

  https://community.getdbt.com/

Happy modeling!

[0m11:18:10.242349 [info ] [MainThread]: Setting up your profile.
[0m11:31:53.492863 [info ] [MainThread]: Profile Greenery written to C:\Users\Administrator\.dbt\profiles.yml using target's profile_template.yml and your supplied values. Run 'dbt debug' to validate the connection.
[0m11:31:53.492863 [debug] [MainThread]: Command `dbt init` succeeded at 11:31:53.492863 after 865.39 seconds
[0m11:31:53.492863 [debug] [MainThread]: Sending event: {'category': 'dbt', 'action': 'invocation', 'label': 'end', 'context': [<snowplow_tracker.self_describing_json.SelfDescribingJson object at 0x0000026EF5400AD0>, <snowplow_tracker.self_describing_json.SelfDescribingJson object at 0x0000026EFE115A90>, <snowplow_tracker.self_describing_json.SelfDescribingJson object at 0x0000026EF57E1150>]}
[0m11:31:53.492863 [debug] [MainThread]: Flushing usage events
[0m11:32:10.416387 [debug] [MainThread]: Sending event: {'category': 'dbt', 'action': 'invocation', 'label': 'start', 'context': [<snowplow_tracker.self_describing_json.SelfDescribingJson object at 0x000001961ACF3A50>, <snowplow_tracker.self_describing_json.SelfDescribingJson object at 0x0000019613605710>, <snowplow_tracker.self_describing_json.SelfDescribingJson object at 0x000001961ABCE750>]}


============================== 11:32:10.416387 | 77abb721-f1bc-4e50-8c9a-97f2cef74168 ==============================
[0m11:32:10.416387 [info ] [MainThread]: Running with dbt=1.7.4
[0m11:32:10.430929 [debug] [MainThread]: running dbt with arguments {'printer_width': '80', 'indirect_selection': 'eager', 'write_json': 'True', 'log_cache_events': 'False', 'partial_parse': 'True', 'cache_selected_only': 'False', 'profiles_dir': 'C:\\Users\\Administrator\\.dbt', 'debug': 'False', 'version_check': 'True', 'log_path': 'logs', 'fail_fast': 'False', 'warn_error': 'None', 'use_colors': 'True', 'use_experimental_parser': 'False', 'no_print': 'None', 'quiet': 'False', 'warn_error_options': 'WarnErrorOptions(include=[], exclude=[])', 'invocation_command': 'dbt debug', 'introspect': 'True', 'log_format': 'default', 'target_path': 'None', 'static_parser': 'True', 'send_anonymous_usage_stats': 'True'}
[0m11:32:10.430929 [info ] [MainThread]: dbt version: 1.7.4
[0m11:32:10.430929 [info ] [MainThread]: python version: 3.11.3
[0m11:32:10.430929 [info ] [MainThread]: python path: C:\Users\Administrator\AppData\Local\Programs\Python\Python311\python.exe
[0m11:32:10.430929 [info ] [MainThread]: os info: Windows-10-10.0.22000-SP0
[0m11:32:11.370993 [info ] [MainThread]: Error importing adapter: No module named 'dbt.adapters.bigquery'
[0m11:32:11.370993 [info ] [MainThread]: Error importing adapter: No module named 'dbt.adapters.bigquery'
[0m11:32:11.370993 [info ] [MainThread]: Error importing adapter: No module named 'dbt.adapters.bigquery'
[0m11:32:11.471659 [info ] [MainThread]: Error importing adapter: No module named 'dbt.adapters.bigquery'
[0m11:32:11.476303 [info ] [MainThread]: Error importing adapter: No module named 'dbt.adapters.bigquery'
[0m11:32:11.481268 [info ] [MainThread]: Error importing adapter: No module named 'dbt.adapters.bigquery'
[0m11:32:11.486321 [info ] [MainThread]: Error importing adapter: No module named 'dbt.adapters.bigquery'
[0m11:32:11.488139 [info ] [MainThread]: Error importing adapter: No module named 'dbt.adapters.bigquery'
[0m11:32:11.501073 [info ] [MainThread]: Error importing adapter: No module named 'dbt.adapters.bigquery'
[0m11:32:11.510512 [info ] [MainThread]: Using profiles dir at C:\Users\Administrator\.dbt
[0m11:32:11.510512 [info ] [MainThread]: Using profiles.yml file at C:\Users\Administrator\.dbt\profiles.yml
[0m11:32:11.510512 [info ] [MainThread]: Using dbt_project.yml file at C:\Users\Administrator\Desktop\project\Greenery-Analytics-Engineering-Project\dbt_project.yml
[0m11:32:11.517569 [info ] [MainThread]: Configuration:
[0m11:32:11.518637 [info ] [MainThread]:   profiles.yml file [[31mERROR invalid[0m]
[0m11:32:11.521729 [info ] [MainThread]:   dbt_project.yml file [[31mERROR not found[0m]
[0m11:32:11.524663 [info ] [MainThread]: Required dependencies:
[0m11:32:11.528105 [debug] [MainThread]: Executing "git --help"
[0m11:32:11.589296 [debug] [MainThread]: STDOUT: "b"usage: git [-v | --version] [-h | --help] [-C <path>] [-c <name>=<value>]\n           [--exec-path[=<path>]] [--html-path] [--man-path] [--info-path]\n           [-p | --paginate | -P | --no-pager] [--no-replace-objects] [--bare]\n           [--git-dir=<path>] [--work-tree=<path>] [--namespace=<name>]\n           [--config-env=<name>=<envvar>] <command> [<args>]\n\nThese are common Git commands used in various situations:\n\nstart a working area (see also: git help tutorial)\n   clone     Clone a repository into a new directory\n   init      Create an empty Git repository or reinitialize an existing one\n\nwork on the current change (see also: git help everyday)\n   add       Add file contents to the index\n   mv        Move or rename a file, a directory, or a symlink\n   restore   Restore working tree files\n   rm        Remove files from the working tree and from the index\n\nexamine the history and state (see also: git help revisions)\n   bisect    Use binary search to find the commit that introduced a bug\n   diff      Show changes between commits, commit and working tree, etc\n   grep      Print lines matching a pattern\n   log       Show commit logs\n   show      Show various types of objects\n   status    Show the working tree status\n\ngrow, mark and tweak your common history\n   branch    List, create, or delete branches\n   commit    Record changes to the repository\n   merge     Join two or more development histories together\n   rebase    Reapply commits on top of another base tip\n   reset     Reset current HEAD to the specified state\n   switch    Switch branches\n   tag       Create, list, delete or verify a tag object signed with GPG\n\ncollaborate (see also: git help workflows)\n   fetch     Download objects and refs from another repository\n   pull      Fetch from and integrate with another repository or a local branch\n   push      Update remote refs along with associated objects\n\n'git help -a' and 'git help -g' list available subcommands and some\nconcept guides. See 'git help <command>' or 'git help <concept>'\nto read about a specific subcommand or concept.\nSee 'git help git' for an overview of the system.\n""
[0m11:32:11.589296 [debug] [MainThread]: STDERR: "b''"
[0m11:32:11.589296 [info ] [MainThread]:  - git [[32mOK found[0m]

[0m11:32:11.589296 [info ] [MainThread]: Connection test skipped since no profile was found
[0m11:32:11.589296 [info ] [MainThread]: [31m2 checks failed:[0m
[0m11:32:11.589296 [info ] [MainThread]: Could not load dbt_project.yml
Profile loading failed for the following reason:
Runtime Error
  Credentials in profile "ae_bootcamp", target "dev" invalid: Runtime Error
    Could not find adapter type bigquery!

Runtime Error
  Credentials in profile "dbt_Zoom", target "dev" invalid: Runtime Error
    Could not find adapter type bigquery!

Runtime Error
  Credentials in profile "dbt_ae", target "dev" invalid: Runtime Error
    Could not find adapter type bigquery!

Runtime Error
  Credentials in profile "dbt_camp", target "dev" invalid: Runtime Error
    Could not find adapter type bigquery!

Runtime Error
  Credentials in profile "dbt_course", target "dev" invalid: Runtime Error
    Could not find adapter type bigquery!

Runtime Error
  Credentials in profile "dbt_courses", target "dev" invalid: Runtime Error
    Could not find adapter type bigquery!

Runtime Error
  Credentials in profile "dbt_engineers", target "dev" invalid: Runtime Error
    Could not find adapter type bigquery!

Runtime Error
  Credentials in profile "dbt_learn", target "dev" invalid: Runtime Error
    Could not find adapter type bigquery!

Runtime Error
  Credentials in profile "dbtae", target "dev" invalid: Runtime Error
    Could not find adapter type bigquery!


[0m11:32:11.604857 [info ] [MainThread]: Project loading failed for the following reason:
 project path <C:\Users\Administrator\Desktop\project\Greenery-Analytics-Engineering-Project\dbt_project.yml> not found

[0m11:32:11.609856 [debug] [MainThread]: Command `dbt debug` failed at 11:32:11.608855 after 1.25 seconds
[0m11:32:11.610863 [debug] [MainThread]: Sending event: {'category': 'dbt', 'action': 'invocation', 'label': 'end', 'context': [<snowplow_tracker.self_describing_json.SelfDescribingJson object at 0x000001961ACC94D0>, <snowplow_tracker.self_describing_json.SelfDescribingJson object at 0x000001961A62F510>, <snowplow_tracker.self_describing_json.SelfDescribingJson object at 0x000001961A193790>]}
[0m11:32:11.611856 [debug] [MainThread]: Flushing usage events
[0m11:32:17.001877 [debug] [MainThread]: Error sending anonymous usage statistics. Disabling tracking for this execution. If you wish to permanently disable tracking, see: https://docs.getdbt.com/reference/global-configs#send-anonymous-usage-stats.
[0m11:41:14.790517 [debug] [MainThread]: Sending event: {'category': 'dbt', 'action': 'invocation', 'label': 'start', 'context': [<snowplow_tracker.self_describing_json.SelfDescribingJson object at 0x00000219261CDCD0>, <snowplow_tracker.self_describing_json.SelfDescribingJson object at 0x00000219296AF990>, <snowplow_tracker.self_describing_json.SelfDescribingJson object at 0x0000021929A8FF50>]}


============================== 11:41:14.806185 | 22bfdd33-f294-4262-94f5-0b2d047795d1 ==============================
[0m11:41:14.806185 [info ] [MainThread]: Running with dbt=1.7.4
[0m11:41:14.806185 [debug] [MainThread]: running dbt with arguments {'printer_width': '80', 'indirect_selection': 'eager', 'write_json': 'True', 'log_cache_events': 'False', 'partial_parse': 'True', 'cache_selected_only': 'False', 'warn_error': 'None', 'debug': 'False', 'fail_fast': 'False', 'log_path': 'logs', 'profiles_dir': 'C:\\Users\\Administrator\\.dbt', 'version_check': 'True', 'use_colors': 'True', 'use_experimental_parser': 'False', 'no_print': 'None', 'quiet': 'False', 'warn_error_options': 'WarnErrorOptions(include=[], exclude=[])', 'introspect': 'True', 'static_parser': 'True', 'invocation_command': 'dbt init Greenery', 'target_path': 'None', 'log_format': 'default', 'send_anonymous_usage_stats': 'True'}
[0m11:41:14.806185 [debug] [MainThread]: Starter project path: C:\Users\Administrator\AppData\Local\Programs\Python\Python311\Lib\site-packages\dbt\include\starter_project
[0m11:41:14.885468 [info ] [MainThread]: 
Your new dbt project "Greenery" was created!

For more information on how to configure the profiles.yml file,
please consult the dbt documentation here:

  https://docs.getdbt.com/docs/configure-your-profile

One more thing:

Need help? Don't hesitate to reach out to us via GitHub issues or on Slack:

  https://community.getdbt.com/

Happy modeling!

[0m11:41:14.888435 [info ] [MainThread]: Setting up your profile.
[0m11:45:13.027670 [info ] [MainThread]: Profile Greenery written to C:\Users\Administrator\.dbt\profiles.yml using target's profile_template.yml and your supplied values. Run 'dbt debug' to validate the connection.
[0m11:45:13.027670 [debug] [MainThread]: Command `dbt init` succeeded at 11:45:13.027670 after 238.29 seconds
[0m11:45:13.027670 [debug] [MainThread]: Sending event: {'category': 'dbt', 'action': 'invocation', 'label': 'end', 'context': [<snowplow_tracker.self_describing_json.SelfDescribingJson object at 0x0000021929A85710>, <snowplow_tracker.self_describing_json.SelfDescribingJson object at 0x00000219293A2C90>, <snowplow_tracker.self_describing_json.SelfDescribingJson object at 0x0000021929A5A090>]}
[0m11:45:13.039959 [debug] [MainThread]: Flushing usage events
[0m11:49:17.898991 [debug] [MainThread]: Sending event: {'category': 'dbt', 'action': 'invocation', 'label': 'start', 'context': [<snowplow_tracker.self_describing_json.SelfDescribingJson object at 0x00000262203E5510>, <snowplow_tracker.self_describing_json.SelfDescribingJson object at 0x0000026220A13C90>, <snowplow_tracker.self_describing_json.SelfDescribingJson object at 0x0000026220A13D50>]}


============================== 11:49:17.915671 | 0c0a7ab4-c773-40fd-82fc-6b2af9c5aabe ==============================
[0m11:49:17.915671 [info ] [MainThread]: Running with dbt=1.7.4
[0m11:49:17.915671 [debug] [MainThread]: running dbt with arguments {'printer_width': '80', 'indirect_selection': 'eager', 'log_cache_events': 'False', 'write_json': 'True', 'partial_parse': 'True', 'cache_selected_only': 'False', 'profiles_dir': 'C:\\Users\\Administrator\\.dbt', 'version_check': 'True', 'fail_fast': 'False', 'log_path': 'logs', 'warn_error': 'None', 'debug': 'False', 'use_colors': 'True', 'use_experimental_parser': 'False', 'no_print': 'None', 'quiet': 'False', 'warn_error_options': 'WarnErrorOptions(include=[], exclude=[])', 'static_parser': 'True', 'log_format': 'default', 'invocation_command': 'dbt init Greenery', 'target_path': 'None', 'introspect': 'True', 'send_anonymous_usage_stats': 'True'}
[0m11:49:17.915671 [debug] [MainThread]: Starter project path: C:\Users\Administrator\AppData\Local\Programs\Python\Python311\Lib\site-packages\dbt\include\starter_project
[0m11:49:17.946884 [info ] [MainThread]: 
Your new dbt project "Greenery" was created!

For more information on how to configure the profiles.yml file,
please consult the dbt documentation here:

  https://docs.getdbt.com/docs/configure-your-profile

One more thing:

Need help? Don't hesitate to reach out to us via GitHub issues or on Slack:

  https://community.getdbt.com/

Happy modeling!

[0m11:49:17.947885 [info ] [MainThread]: Setting up your profile.
[0m11:52:25.884067 [info ] [MainThread]: Profile Greenery written to C:\Users\Administrator\.dbt\profiles.yml using target's profile_template.yml and your supplied values. Run 'dbt debug' to validate the connection.
[0m11:52:25.884067 [debug] [MainThread]: Command `dbt init` succeeded at 11:52:25.884067 after 188.04 seconds
[0m11:52:25.884067 [debug] [MainThread]: Sending event: {'category': 'dbt', 'action': 'invocation', 'label': 'end', 'context': [<snowplow_tracker.self_describing_json.SelfDescribingJson object at 0x00000262202876D0>, <snowplow_tracker.self_describing_json.SelfDescribingJson object at 0x0000026226CB10D0>, <snowplow_tracker.self_describing_json.SelfDescribingJson object at 0x0000026220141B50>]}
[0m11:52:25.884067 [debug] [MainThread]: Flushing usage events
[0m11:55:13.879393 [debug] [MainThread]: Sending event: {'category': 'dbt', 'action': 'invocation', 'label': 'start', 'context': [<snowplow_tracker.self_describing_json.SelfDescribingJson object at 0x000001D891F6CB50>, <snowplow_tracker.self_describing_json.SelfDescribingJson object at 0x000001D891F62C50>, <snowplow_tracker.self_describing_json.SelfDescribingJson object at 0x000001D891F62F50>]}


============================== 11:55:13.895048 | edd21627-334b-4dd2-9877-91b4a36eec98 ==============================
[0m11:55:13.895048 [info ] [MainThread]: Running with dbt=1.7.4
[0m11:55:13.895048 [debug] [MainThread]: running dbt with arguments {'printer_width': '80', 'indirect_selection': 'eager', 'log_cache_events': 'False', 'write_json': 'True', 'partial_parse': 'True', 'cache_selected_only': 'False', 'warn_error': 'None', 'version_check': 'True', 'profiles_dir': 'C:\\Users\\Administrator\\.dbt', 'log_path': 'logs', 'fail_fast': 'False', 'debug': 'False', 'use_colors': 'True', 'use_experimental_parser': 'False', 'no_print': 'None', 'quiet': 'False', 'log_format': 'default', 'invocation_command': 'dbt init Greenery', 'warn_error_options': 'WarnErrorOptions(include=[], exclude=[])', 'static_parser': 'True', 'target_path': 'None', 'introspect': 'True', 'send_anonymous_usage_stats': 'True'}
[0m11:55:13.895048 [debug] [MainThread]: Starter project path: C:\Users\Administrator\AppData\Local\Programs\Python\Python311\Lib\site-packages\dbt\include\starter_project
[0m11:55:13.917345 [info ] [MainThread]: 
Your new dbt project "Greenery" was created!

For more information on how to configure the profiles.yml file,
please consult the dbt documentation here:

  https://docs.getdbt.com/docs/configure-your-profile

One more thing:

Need help? Don't hesitate to reach out to us via GitHub issues or on Slack:

  https://community.getdbt.com/

Happy modeling!

[0m11:55:13.917345 [info ] [MainThread]: Setting up your profile.
[0m11:58:24.388008 [error] [MainThread]: Encountered an error:

[0m11:58:24.527281 [error] [MainThread]: Traceback (most recent call last):
  File "C:\Users\Administrator\AppData\Local\Programs\Python\Python311\Lib\site-packages\dbt\cli\requires.py", line 90, in wrapper
    result, success = func(*args, **kwargs)
                      ^^^^^^^^^^^^^^^^^^^^^
  File "C:\Users\Administrator\AppData\Local\Programs\Python\Python311\Lib\site-packages\dbt\cli\requires.py", line 75, in wrapper
    return func(*args, **kwargs)
           ^^^^^^^^^^^^^^^^^^^^^
  File "C:\Users\Administrator\AppData\Local\Programs\Python\Python311\Lib\site-packages\dbt\cli\main.py", line 515, in init
    results = task.run()
              ^^^^^^^^^^
  File "C:\Users\Administrator\AppData\Local\Programs\Python\Python311\Lib\site-packages\dbt\task\init.py", line 344, in run
    self.setup_profile(profile_name)
  File "C:\Users\Administrator\AppData\Local\Programs\Python\Python311\Lib\site-packages\dbt\task\init.py", line 264, in setup_profile
    self.create_profile_from_target(adapter, profile_name=profile_name)
  File "C:\Users\Administrator\AppData\Local\Programs\Python\Python311\Lib\site-packages\dbt\task\init.py", line 181, in create_profile_from_target
    self.create_profile_from_profile_template(profile_template, profile_name)
  File "C:\Users\Administrator\AppData\Local\Programs\Python\Python311\Lib\site-packages\dbt\task\init.py", line 165, in create_profile_from_profile_template
    target = self.generate_target_from_input(prompts, initial_target)
             ^^^^^^^^^^^^^^^^^^^^^^^^^^^^^^^^^^^^^^^^^^^^^^^^^^^^^^^^
  File "C:\Users\Administrator\AppData\Local\Programs\Python\Python311\Lib\site-packages\dbt\task\init.py", line 131, in generate_target_from_input
    target[key] = click.prompt(
                  ^^^^^^^^^^^^^
  File "C:\Users\Administrator\AppData\Local\Programs\Python\Python311\Lib\site-packages\click\termui.py", line 164, in prompt
    value = prompt_func(prompt)
            ^^^^^^^^^^^^^^^^^^^
  File "C:\Users\Administrator\AppData\Local\Programs\Python\Python311\Lib\site-packages\click\termui.py", line 147, in prompt_func
    raise Abort() from None
click.exceptions.Abort

[0m11:58:24.546938 [debug] [MainThread]: Command `dbt init` failed at 11:58:24.545924 after 190.71 seconds
[0m11:58:24.547921 [debug] [MainThread]: Sending event: {'category': 'dbt', 'action': 'invocation', 'label': 'end', 'context': [<snowplow_tracker.self_describing_json.SelfDescribingJson object at 0x000001D891FA77D0>, <snowplow_tracker.self_describing_json.SelfDescribingJson object at 0x000001D891FA7550>, <snowplow_tracker.self_describing_json.SelfDescribingJson object at 0x000001D891FA5510>]}
[0m11:58:24.548920 [debug] [MainThread]: Flushing usage events
[0m11:59:18.728906 [debug] [MainThread]: Sending event: {'category': 'dbt', 'action': 'invocation', 'label': 'start', 'context': [<snowplow_tracker.self_describing_json.SelfDescribingJson object at 0x0000021055DCFCD0>, <snowplow_tracker.self_describing_json.SelfDescribingJson object at 0x0000021055DE3790>, <snowplow_tracker.self_describing_json.SelfDescribingJson object at 0x0000021055DE1B50>]}


============================== 11:59:18.744506 | 700abb0c-1952-4042-85c6-7f89c1d0e58d ==============================
[0m11:59:18.744506 [info ] [MainThread]: Running with dbt=1.7.4
[0m11:59:18.744506 [debug] [MainThread]: running dbt with arguments {'printer_width': '80', 'indirect_selection': 'eager', 'write_json': 'True', 'log_cache_events': 'False', 'partial_parse': 'True', 'cache_selected_only': 'False', 'profiles_dir': 'C:\\Users\\Administrator\\.dbt', 'fail_fast': 'False', 'version_check': 'True', 'log_path': 'logs', 'debug': 'False', 'warn_error': 'None', 'use_colors': 'True', 'use_experimental_parser': 'False', 'no_print': 'None', 'quiet': 'False', 'warn_error_options': 'WarnErrorOptions(include=[], exclude=[])', 'static_parser': 'True', 'log_format': 'default', 'invocation_command': 'dbt init Greenery', 'target_path': 'None', 'introspect': 'True', 'send_anonymous_usage_stats': 'True'}
[0m11:59:18.744506 [debug] [MainThread]: Starter project path: C:\Users\Administrator\AppData\Local\Programs\Python\Python311\Lib\site-packages\dbt\include\starter_project
[0m11:59:18.775620 [info ] [MainThread]: 
Your new dbt project "Greenery" was created!

For more information on how to configure the profiles.yml file,
please consult the dbt documentation here:

  https://docs.getdbt.com/docs/configure-your-profile

One more thing:

Need help? Don't hesitate to reach out to us via GitHub issues or on Slack:

  https://community.getdbt.com/

Happy modeling!

[0m11:59:18.775620 [info ] [MainThread]: Setting up your profile.
[0m12:01:22.009224 [info ] [MainThread]: Profile Greenery written to C:\Users\Administrator\.dbt\profiles.yml using target's profile_template.yml and your supplied values. Run 'dbt debug' to validate the connection.
[0m12:01:22.012144 [debug] [MainThread]: Command `dbt init` succeeded at 12:01:22.012144 after 123.33 seconds
[0m12:01:22.014110 [debug] [MainThread]: Sending event: {'category': 'dbt', 'action': 'invocation', 'label': 'end', 'context': [<snowplow_tracker.self_describing_json.SelfDescribingJson object at 0x0000021054B40550>, <snowplow_tracker.self_describing_json.SelfDescribingJson object at 0x0000021055BC23D0>, <snowplow_tracker.self_describing_json.SelfDescribingJson object at 0x00000210560C7390>]}
[0m12:01:22.014110 [debug] [MainThread]: Flushing usage events
[0m15:31:31.817043 [debug] [MainThread]: Sending event: {'category': 'dbt', 'action': 'invocation', 'label': 'start', 'context': [<snowplow_tracker.self_describing_json.SelfDescribingJson object at 0x0000024541531210>, <snowplow_tracker.self_describing_json.SelfDescribingJson object at 0x00000245415589D0>, <snowplow_tracker.self_describing_json.SelfDescribingJson object at 0x00000245415312D0>]}


============================== 15:31:31.821920 | a678b0d8-a62b-4ce1-9d2f-2360f70769a0 ==============================
[0m15:31:31.821920 [info ] [MainThread]: Running with dbt=1.7.4
[0m15:31:31.826455 [debug] [MainThread]: running dbt with arguments {'printer_width': '80', 'indirect_selection': 'eager', 'write_json': 'True', 'log_cache_events': 'False', 'partial_parse': 'True', 'cache_selected_only': 'False', 'warn_error': 'None', 'version_check': 'True', 'debug': 'False', 'log_path': 'logs', 'profiles_dir': 'C:\\Users\\Administrator\\.dbt', 'fail_fast': 'False', 'use_colors': 'True', 'use_experimental_parser': 'False', 'no_print': 'None', 'quiet': 'False', 'warn_error_options': 'WarnErrorOptions(include=[], exclude=[])', 'introspect': 'True', 'invocation_command': 'dbt test -s dim_products', 'log_format': 'default', 'target_path': 'None', 'static_parser': 'True', 'send_anonymous_usage_stats': 'True'}
[0m15:31:31.826455 [error] [MainThread]: Encountered an error:
Runtime Error
  No dbt_project.yml found at expected path C:\Users\Administrator\Desktop\project\Greenery-Analytics-Engineering-Project\dbt_project.yml
  Verify that each entry within packages.yml (and their transitive dependencies) contains a file named dbt_project.yml
  
[0m15:31:31.829553 [debug] [MainThread]: Command `dbt test` failed at 15:31:31.829553 after 0.10 seconds
[0m15:31:31.829553 [debug] [MainThread]: Sending event: {'category': 'dbt', 'action': 'invocation', 'label': 'end', 'context': [<snowplow_tracker.self_describing_json.SelfDescribingJson object at 0x0000024540BF53D0>, <snowplow_tracker.self_describing_json.SelfDescribingJson object at 0x000002454152AD10>, <snowplow_tracker.self_describing_json.SelfDescribingJson object at 0x000002454152B2D0>]}
[0m15:31:31.832611 [debug] [MainThread]: Flushing usage events
[0m15:34:01.860783 [debug] [MainThread]: Sending event: {'category': 'dbt', 'action': 'invocation', 'label': 'start', 'context': [<snowplow_tracker.self_describing_json.SelfDescribingJson object at 0x0000027EE469CF50>, <snowplow_tracker.self_describing_json.SelfDescribingJson object at 0x0000027EE469D310>, <snowplow_tracker.self_describing_json.SelfDescribingJson object at 0x0000027EE469C7D0>]}


============================== 15:34:01.860783 | b540ad6e-4928-44a7-876f-f52cacfe2259 ==============================
[0m15:34:01.860783 [info ] [MainThread]: Running with dbt=1.7.4
[0m15:34:01.867114 [debug] [MainThread]: running dbt with arguments {'printer_width': '80', 'indirect_selection': 'eager', 'log_cache_events': 'False', 'write_json': 'True', 'partial_parse': 'True', 'cache_selected_only': 'False', 'warn_error': 'None', 'version_check': 'True', 'debug': 'False', 'log_path': 'logs', 'profiles_dir': 'C:\\Users\\Administrator\\.dbt', 'fail_fast': 'False', 'use_colors': 'True', 'use_experimental_parser': 'False', 'no_print': 'None', 'quiet': 'False', 'warn_error_options': 'WarnErrorOptions(include=[], exclude=[])', 'introspect': 'True', 'invocation_command': 'dbt deps', 'static_parser': 'True', 'target_path': 'None', 'log_format': 'default', 'send_anonymous_usage_stats': 'True'}
[0m15:34:01.868117 [error] [MainThread]: Encountered an error:
Runtime Error
  No dbt_project.yml found at expected path C:\Users\Administrator\Desktop\project\Greenery-Analytics-Engineering-Project\dbt_project.yml
  Verify that each entry within packages.yml (and their transitive dependencies) contains a file named dbt_project.yml
  
[0m15:34:01.871861 [debug] [MainThread]: Command `dbt deps` failed at 15:34:01.871861 after 0.10 seconds
[0m15:34:01.872890 [debug] [MainThread]: Sending event: {'category': 'dbt', 'action': 'invocation', 'label': 'end', 'context': [<snowplow_tracker.self_describing_json.SelfDescribingJson object at 0x0000027EE46804D0>, <snowplow_tracker.self_describing_json.SelfDescribingJson object at 0x0000027EE46B3A90>, <snowplow_tracker.self_describing_json.SelfDescribingJson object at 0x0000027EDD659390>]}
[0m15:34:01.873890 [debug] [MainThread]: Flushing usage events
[0m10:22:56.473507 [debug] [MainThread]: Sending event: {'category': 'dbt', 'action': 'invocation', 'label': 'start', 'context': [<snowplow_tracker.self_describing_json.SelfDescribingJson object at 0x000002840F243390>, <snowplow_tracker.self_describing_json.SelfDescribingJson object at 0x000002840F243ED0>, <snowplow_tracker.self_describing_json.SelfDescribingJson object at 0x000002840F225E50>]}


============================== 10:22:56.475240 | 9ba0d793-ba36-4ff4-8d91-a98d77e6a3a4 ==============================
[0m10:22:56.475240 [info ] [MainThread]: Running with dbt=1.7.10
[0m10:22:56.482720 [debug] [MainThread]: running dbt with arguments {'printer_width': '80', 'indirect_selection': 'eager', 'write_json': 'True', 'log_cache_events': 'False', 'partial_parse': 'True', 'cache_selected_only': 'False', 'profiles_dir': 'C:\\Users\\Administrator\\.dbt', 'version_check': 'True', 'debug': 'False', 'log_path': 'logs', 'fail_fast': 'False', 'warn_error': 'None', 'use_colors': 'True', 'use_experimental_parser': 'False', 'no_print': 'None', 'quiet': 'False', 'log_format': 'default', 'invocation_command': 'dbt debug', 'warn_error_options': 'WarnErrorOptions(include=[], exclude=[])', 'introspect': 'True', 'target_path': 'None', 'static_parser': 'True', 'send_anonymous_usage_stats': 'True'}
[0m10:22:56.482982 [info ] [MainThread]: dbt version: 1.7.10
[0m10:22:56.484854 [info ] [MainThread]: python version: 3.11.3
[0m10:22:56.486408 [info ] [MainThread]: python path: C:\Users\Administrator\Desktop\Project\Greenery-Analytics-Engineering-Project\venv\Scripts\python.exe
[0m10:22:56.487242 [info ] [MainThread]: os info: Windows-10-10.0.22000-SP0
[0m10:22:56.504616 [info ] [MainThread]: Error importing adapter: No module named 'dbt.adapters.snowflake'
[0m10:22:56.514173 [info ] [MainThread]: Error importing adapter: No module named 'dbt.adapters.bigquery'
[0m10:22:56.515811 [info ] [MainThread]: Error importing adapter: No module named 'dbt.adapters.bigquery'
[0m10:22:56.523955 [info ] [MainThread]: Error importing adapter: No module named 'dbt.adapters.bigquery'
[0m10:22:56.533996 [info ] [MainThread]: Error importing adapter: No module named 'dbt.adapters.bigquery'
[0m10:22:56.538957 [info ] [MainThread]: Error importing adapter: No module named 'dbt.adapters.bigquery'
[0m10:22:56.544156 [info ] [MainThread]: Error importing adapter: No module named 'dbt.adapters.bigquery'
[0m10:22:56.552169 [info ] [MainThread]: Error importing adapter: No module named 'dbt.adapters.bigquery'
[0m10:22:56.555788 [info ] [MainThread]: Error importing adapter: No module named 'dbt.adapters.bigquery'
[0m10:22:56.559433 [info ] [MainThread]: Error importing adapter: No module named 'dbt.adapters.bigquery'
[0m10:22:56.571499 [info ] [MainThread]: Error importing adapter: No module named 'dbt.adapters.snowflake'
[0m10:22:56.582058 [info ] [MainThread]: Using profiles dir at C:\Users\Administrator\.dbt
[0m10:22:56.584341 [info ] [MainThread]: Using profiles.yml file at C:\Users\Administrator\.dbt\profiles.yml
[0m10:22:56.585342 [info ] [MainThread]: Using dbt_project.yml file at C:\Users\Administrator\Desktop\project\Greenery-Analytics-Engineering-Project\dbt_project.yml
[0m10:22:56.586882 [info ] [MainThread]: Configuration:
[0m10:22:56.587971 [info ] [MainThread]:   profiles.yml file [[31mERROR invalid[0m]
[0m10:22:56.589701 [info ] [MainThread]:   dbt_project.yml file [[31mERROR not found[0m]
[0m10:22:56.591007 [info ] [MainThread]: Required dependencies:
[0m10:22:56.593647 [debug] [MainThread]: Executing "git --help"
[0m10:22:56.649675 [debug] [MainThread]: STDOUT: "b"usage: git [-v | --version] [-h | --help] [-C <path>] [-c <name>=<value>]\n           [--exec-path[=<path>]] [--html-path] [--man-path] [--info-path]\n           [-p | --paginate | -P | --no-pager] [--no-replace-objects] [--bare]\n           [--git-dir=<path>] [--work-tree=<path>] [--namespace=<name>]\n           [--config-env=<name>=<envvar>] <command> [<args>]\n\nThese are common Git commands used in various situations:\n\nstart a working area (see also: git help tutorial)\n   clone     Clone a repository into a new directory\n   init      Create an empty Git repository or reinitialize an existing one\n\nwork on the current change (see also: git help everyday)\n   add       Add file contents to the index\n   mv        Move or rename a file, a directory, or a symlink\n   restore   Restore working tree files\n   rm        Remove files from the working tree and from the index\n\nexamine the history and state (see also: git help revisions)\n   bisect    Use binary search to find the commit that introduced a bug\n   diff      Show changes between commits, commit and working tree, etc\n   grep      Print lines matching a pattern\n   log       Show commit logs\n   show      Show various types of objects\n   status    Show the working tree status\n\ngrow, mark and tweak your common history\n   branch    List, create, or delete branches\n   commit    Record changes to the repository\n   merge     Join two or more development histories together\n   rebase    Reapply commits on top of another base tip\n   reset     Reset current HEAD to the specified state\n   switch    Switch branches\n   tag       Create, list, delete or verify a tag object signed with GPG\n\ncollaborate (see also: git help workflows)\n   fetch     Download objects and refs from another repository\n   pull      Fetch from and integrate with another repository or a local branch\n   push      Update remote refs along with associated objects\n\n'git help -a' and 'git help -g' list available subcommands and some\nconcept guides. See 'git help <command>' or 'git help <concept>'\nto read about a specific subcommand or concept.\nSee 'git help git' for an overview of the system.\n""
[0m10:22:56.651914 [debug] [MainThread]: STDERR: "b''"
[0m10:22:56.651914 [info ] [MainThread]:  - git [[32mOK found[0m]

[0m10:22:56.653694 [info ] [MainThread]: Connection test skipped since no profile was found
[0m10:22:56.654700 [info ] [MainThread]: [31m2 checks failed:[0m
[0m10:22:56.656338 [info ] [MainThread]: Could not load dbt_project.yml
Profile loading failed for the following reason:
Runtime Error
  Credentials in profile "Greenery", target "dev" invalid: Runtime Error
    Could not find adapter type snowflake!

Runtime Error
  Credentials in profile "ae_bootcamp", target "dev" invalid: Runtime Error
    Could not find adapter type bigquery!

Runtime Error
  Credentials in profile "dbt_Zoom", target "dev" invalid: Runtime Error
    Could not find adapter type bigquery!

Runtime Error
  Credentials in profile "dbt_ae", target "dev" invalid: Runtime Error
    Could not find adapter type bigquery!

Runtime Error
  Credentials in profile "dbt_camp", target "dev" invalid: Runtime Error
    Could not find adapter type bigquery!

Runtime Error
  Credentials in profile "dbt_course", target "dev" invalid: Runtime Error
    Could not find adapter type bigquery!

Runtime Error
  Credentials in profile "dbt_courses", target "dev" invalid: Runtime Error
    Could not find adapter type bigquery!

Runtime Error
  Credentials in profile "dbt_engineers", target "dev" invalid: Runtime Error
    Could not find adapter type bigquery!

Runtime Error
  Credentials in profile "dbt_learn", target "dev" invalid: Runtime Error
    Could not find adapter type bigquery!

Runtime Error
  Credentials in profile "dbtae", target "dev" invalid: Runtime Error
    Could not find adapter type bigquery!

Runtime Error
  Credentials in profile "dbtlearn", target "dev" invalid: Runtime Error
    Could not find adapter type snowflake!


[0m10:22:56.665872 [info ] [MainThread]: Project loading failed for the following reason:
 project path <C:\Users\Administrator\Desktop\project\Greenery-Analytics-Engineering-Project\dbt_project.yml> not found

[0m10:22:56.668261 [debug] [MainThread]: Command `dbt debug` failed at 10:22:56.668261 after 0.32 seconds
[0m10:22:56.669262 [debug] [MainThread]: Sending event: {'category': 'dbt', 'action': 'invocation', 'label': 'end', 'context': [<snowplow_tracker.self_describing_json.SelfDescribingJson object at 0x000002840F1CE410>, <snowplow_tracker.self_describing_json.SelfDescribingJson object at 0x00000284085F0F90>, <snowplow_tracker.self_describing_json.SelfDescribingJson object at 0x000002840ECB2790>]}
[0m10:22:56.670283 [debug] [MainThread]: Flushing usage events
